<?xml version="1.0" encoding="UTF-8"?>
<!-- Generated by org.testng.reporters.JUnitReportReporter -->
<testsuite hostname="DESKTOP-LVNNG7C" failures="0" tests="5" name="com.qa.testCasesTn.RegisterTest" time="41.041" errors="0" timestamp="2023-12-10T22:01:12 EST" skipped="0">
  <testcase classname="com.qa.testCasesTn.RegisterTest" name="verifyingRegisterWithMandatoryFields" time="11.540"/>
  <testcase classname="com.qa.testCasesTn.RegisterTest" name="verifyingRegisterWithAllFields" time="6.917"/>
  <testcase classname="com.qa.testCasesTn.RegisterTest" name="verifyingRegisterWithExistingEmail" time="9.485"/>
  <testcase classname="com.qa.testCasesTn.RegisterTest" name="verifyingRegisterWithMismatchPassword" time="6.518"/>
  <testcase classname="com.qa.testCasesTn.RegisterTest" name="verifyingRegisterWithNoFields" time="6.581"/>
</testsuite> <!-- com.qa.testCasesTn.RegisterTest -->
