<?xml version="1.0" encoding="UTF-8"?>
<!-- Generated by org.testng.reporters.JUnitReportReporter -->
<testsuite hostname="DESKTOP-LVNNG7C" failures="0" tests="3" name="com.qa.testCasesTn.SearchProductTest" time="93.805" errors="0" timestamp="2023-12-10T22:01:12 EST" skipped="0">
  <testcase classname="com.qa.testCasesTn.SearchProductTest" name="verifySearchWithValidProduct" time="18.266"/>
  <testcase classname="com.qa.testCasesTn.SearchProductTest" name="verifySearchWithInvalidProduct" time="38.238"/>
  <testcase classname="com.qa.testCasesTn.SearchProductTest" name="verifySearchWithNoProduct" time="37.301"/>
</testsuite> <!-- com.qa.testCasesTn.SearchProductTest -->
