<?xml version="1.0" encoding="UTF-8"?>
<!-- Generated by org.testng.reporters.JUnitReportReporter -->
<testsuite hostname="DESKTOP-LVNNG7C" failures="0" tests="5" name="com.qa.testCasesTn.RegisterTest" time="31.554" errors="0" timestamp="2023-12-14T23:50:08 EST" skipped="0">
  <testcase classname="com.qa.testCasesTn.RegisterTest" name="verifyingRegisterWithMandatoryFields" time="6.990"/>
  <testcase classname="com.qa.testCasesTn.RegisterTest" name="verifyingRegisterWithAllFields" time="6.240"/>
  <testcase classname="com.qa.testCasesTn.RegisterTest" name="verifyingRegisterWithExistingEmail" time="5.913"/>
  <testcase classname="com.qa.testCasesTn.RegisterTest" name="verifyingRegisterWithMismatchPassword" time="6.868"/>
  <testcase classname="com.qa.testCasesTn.RegisterTest" name="verifyingRegisterWithNoFields" time="5.543"/>
</testsuite> <!-- com.qa.testCasesTn.RegisterTest -->
