<?xml version="1.0" encoding="UTF-8"?>
<!-- Generated by org.testng.reporters.JUnitReportReporter -->
<testsuite hostname="DESKTOP-LVNNG7C" failures="0" tests="9" name="com.qa.testCasesTn.LoginTest" time="53.475" errors="0" timestamp="2023-12-14T23:50:08 EST" skipped="0">
  <testcase classname="com.qa.testCasesTn.LoginTest" name="verifyLoginWithValidCredentials" time="5.801"/>
  <testcase classname="com.qa.testCasesTn.LoginTest" name="verifyLoginWithValidCredentials" time="6.367"/>
  <testcase classname="com.qa.testCasesTn.LoginTest" name="verifyLoginWithValidCredentials" time="6.564"/>
  <testcase classname="com.qa.testCasesTn.LoginTest" name="verifyLoginWithValidCredentials" time="5.582"/>
  <testcase classname="com.qa.testCasesTn.LoginTest" name="verifyLoginWithValidCredentials" time="6.101"/>
  <testcase classname="com.qa.testCasesTn.LoginTest" name="verifyLoginWithInvalidCredentials" time="6.115"/>
  <testcase classname="com.qa.testCasesTn.LoginTest" name="verifyLoginWithValidEmailInvalidPassword" time="5.427"/>
  <testcase classname="com.qa.testCasesTn.LoginTest" name="verifyLoginWithInvalidEmailValidPassword" time="6.130"/>
  <testcase classname="com.qa.testCasesTn.LoginTest" name="verifyLoginWithNoCredentials" time="5.388"/>
</testsuite> <!-- com.qa.testCasesTn.LoginTest -->
