<?xml version="1.0" encoding="UTF-8"?>
<!-- Generated by org.testng.reporters.JUnitReportReporter -->
<testsuite hostname="DESKTOP-LVNNG7C" failures="0" tests="3" name="com.qa.testCasesTn.SearchProductTest" time="14.957" errors="0" timestamp="2023-12-02T04:25:08 EST" skipped="0">
  <testcase classname="com.qa.testCasesTn.SearchProductTest" name="verifySearchWithValidProduct" time="5.012"/>
  <testcase classname="com.qa.testCasesTn.SearchProductTest" name="verifySearchWithInvalidProduct" time="5.151"/>
  <testcase classname="com.qa.testCasesTn.SearchProductTest" name="verifySearchWithNoProduct" time="4.794"/>
</testsuite> <!-- com.qa.testCasesTn.SearchProductTest -->
