<?xml version="1.0" encoding="UTF-8"?>
<!-- Generated by org.testng.reporters.JUnitReportReporter -->
<testsuite hostname="DESKTOP-LVNNG7C" failures="0" tests="5" name="com.qa.testCasesTn.RegisterTest" time="34.181" errors="0" timestamp="2023-12-02T04:25:08 EST" skipped="0">
  <testcase classname="com.qa.testCasesTn.RegisterTest" name="verifyingRegisterWithMandatoryFields" time="6.150"/>
  <testcase classname="com.qa.testCasesTn.RegisterTest" name="verifyingRegisterWithAllFields" time="7.430"/>
  <testcase classname="com.qa.testCasesTn.RegisterTest" name="verifyingRegisterWithExistingEmail" time="6.147"/>
  <testcase classname="com.qa.testCasesTn.RegisterTest" name="verifyingRegisterWithMismatchPassword" time="7.122"/>
  <testcase classname="com.qa.testCasesTn.RegisterTest" name="verifyingRegisterWithNoFields" time="7.332"/>
</testsuite> <!-- com.qa.testCasesTn.RegisterTest -->
