<?xml version="1.0" encoding="UTF-8"?>
<!-- Generated by org.testng.reporters.JUnitReportReporter -->
<testsuite hostname="DESKTOP-LVNNG7C" failures="0" tests="1" name="com.qa.testCasesTn.AddtoCartTest" time="12.481" errors="0" timestamp="2023-12-02T04:25:08 EST" skipped="0">
  <testcase classname="com.qa.testCasesTn.AddtoCartTest" name="checkingOutValidProduct" time="12.481"/>
</testsuite> <!-- com.qa.testCasesTn.AddtoCartTest -->
